<?xml version="1.0" encoding="UTF-8"?>
<testng-results skipped="0" failed="0" ignored="0" total="2" passed="2">
  <reporter-output>
  </reporter-output>
  <suite name="POM test" duration-ms="319301" started-at="2020-06-05T06:57:53Z" finished-at="2020-06-05T07:03:13Z">
    <groups>
    </groups>
    <test name="Home page" duration-ms="319301" started-at="2020-06-05T06:57:53Z" finished-at="2020-06-05T07:03:13Z">
      <class name="MyTests.HomePage_Test">
        <test-method status="PASS" signature="setup(java.lang.String)[pri:0, instance:MyTests.HomePage_Test@2ece4966]" name="setup" is-config="true" duration-ms="218939" started-at="2020-06-05T06:57:54Z" finished-at="2020-06-05T07:01:33Z">
          <params>
            <param index="0">
              <value>
                <![CDATA[chrome]]>
              </value>
            </param>
          </params>
          <reporter-output>
          </reporter-output>
        </test-method> <!-- setup -->
        <test-method status="PASS" signature="verifyPageTitle()[pri:1, instance:MyTests.HomePage_Test@2ece4966]" name="verifyPageTitle" duration-ms="8115" started-at="2020-06-05T07:01:38Z" finished-at="2020-06-05T07:01:47Z">
          <reporter-output>
          </reporter-output>
        </test-method> <!-- verifyPageTitle -->
        <test-method status="PASS" signature="teardown()[pri:0, instance:MyTests.HomePage_Test@2ece4966]" name="teardown" is-config="true" duration-ms="4333" started-at="2020-06-05T07:01:47Z" finished-at="2020-06-05T07:01:51Z">
          <reporter-output>
          </reporter-output>
        </test-method> <!-- teardown -->
        <test-method status="PASS" signature="setup(java.lang.String)[pri:0, instance:MyTests.HomePage_Test@2ece4966]" name="setup" is-config="true" duration-ms="76237" started-at="2020-06-05T07:01:51Z" finished-at="2020-06-05T07:03:08Z">
          <params>
            <param index="0">
              <value>
                <![CDATA[chrome]]>
              </value>
            </param>
          </params>
          <reporter-output>
          </reporter-output>
        </test-method> <!-- setup -->
        <test-method status="PASS" signature="verifyHeadertitle()[pri:2, instance:MyTests.HomePage_Test@2ece4966]" name="verifyHeadertitle" duration-ms="2893" started-at="2020-06-05T07:03:08Z" finished-at="2020-06-05T07:03:11Z">
          <reporter-output>
          </reporter-output>
        </test-method> <!-- verifyHeadertitle -->
        <test-method status="PASS" signature="teardown()[pri:0, instance:MyTests.HomePage_Test@2ece4966]" name="teardown" is-config="true" duration-ms="2232" started-at="2020-06-05T07:03:11Z" finished-at="2020-06-05T07:03:13Z">
          <reporter-output>
          </reporter-output>
        </test-method> <!-- teardown -->
      </class> <!-- MyTests.HomePage_Test -->
    </test> <!-- Home page -->
  </suite> <!-- POM test -->
</testng-results>
